{
  "stats": {
    "suites": 1,
    "tests": 4,
    "passes": 4,
    "pending": 0,
    "failures": 0,
    "start": "2020-06-03T05:59:14.005Z",
    "end": "2020-06-03T05:59:23.934Z",
    "duration": 9929,
    "testsRegistered": 4,
    "passPercent": 100,
    "pendingPercent": 0,
    "other": 0,
    "hasOther": false,
    "skipped": 0,
    "hasSkipped": false
  },
  "results": [
    {
      "uuid": "0168b77d-3a82-44b4-80c8-e92faeedef3e",
      "title": "",
      "fullFile": "cypress/integration/login_specs.js",
      "file": "cypress/integration/login_specs.js",
      "beforeHooks": [],
      "afterHooks": [],
      "tests": [],
      "suites": [
        {
          "uuid": "65fb8a89-a2f4-457e-a521-47bb73ddc4b4",
          "title": "Login specs",
          "fullFile": "",
          "file": "",
          "beforeHooks": [],
          "afterHooks": [],
          "tests": [
            {
              "title": "should login as a register user ",
              "fullTitle": "Login specs should login as a register user ",
              "timedOut": null,
              "duration": 3588,
              "state": "passed",
              "speed": "slow",
              "pass": true,
              "fail": false,
              "pending": false,
              "context": null,
              "code": "cy.visit('/');\ncy.login(Cypress.env('username'), Cypress.env('password'));",
              "err": {},
              "uuid": "9182cc01-e853-4302-8bc5-fb13be4e6c11",
              "parentUUID": "65fb8a89-a2f4-457e-a521-47bb73ddc4b4",
              "isHook": false,
              "skipped": false
            },
            {
              "title": "should return an error when you attemp to create a user with an existing email ",
              "fullTitle": "Login specs should return an error when you attemp to create a user with an existing email ",
              "timedOut": null,
              "duration": 1944,
              "state": "passed",
              "speed": "slow",
              "pass": true,
              "fail": false,
              "pending": false,
              "context": null,
              "code": "cy.visit('/');\ncy.verifyUserAlreadyExists(Cypress.env('username'), Cypress.env('password'));",
              "err": {},
              "uuid": "129efabe-9865-4b8e-8280-1e2f9caf7166",
              "parentUUID": "65fb8a89-a2f4-457e-a521-47bb73ddc4b4",
              "isHook": false,
              "skipped": false
            },
            {
              "title": "should return an error when you attemp to login with a user that does not exist",
              "fullTitle": "Login specs should return an error when you attemp to login with a user that does not exist",
              "timedOut": null,
              "duration": 1730,
              "state": "passed",
              "speed": "slow",
              "pass": true,
              "fail": false,
              "pending": false,
              "context": null,
              "code": "cy.visit('/');\ncy.verifyUserDoesNotExists();",
              "err": {},
              "uuid": "862d3b17-db51-4226-96a4-4e4172491b0c",
              "parentUUID": "65fb8a89-a2f4-457e-a521-47bb73ddc4b4",
              "isHook": false,
              "skipped": false
            },
            {
              "title": "should be able to create an account",
              "fullTitle": "Login specs should be able to create an account",
              "timedOut": null,
              "duration": 2596,
              "state": "passed",
              "speed": "slow",
              "pass": true,
              "fail": false,
              "pending": false,
              "context": null,
              "code": "cy.visit('/');\ncy.createAccount();",
              "err": {},
              "uuid": "7dff5c3f-e402-4651-aa3f-49b904fbc62d",
              "parentUUID": "65fb8a89-a2f4-457e-a521-47bb73ddc4b4",
              "isHook": false,
              "skipped": false
            }
          ],
          "suites": [],
          "passes": [
            "9182cc01-e853-4302-8bc5-fb13be4e6c11",
            "129efabe-9865-4b8e-8280-1e2f9caf7166",
            "862d3b17-db51-4226-96a4-4e4172491b0c",
            "7dff5c3f-e402-4651-aa3f-49b904fbc62d"
          ],
          "failures": [],
          "pending": [],
          "skipped": [],
          "duration": 9858,
          "root": false,
          "rootEmpty": false,
          "_timeout": 2000
        }
      ],
      "passes": [],
      "failures": [],
      "pending": [],
      "skipped": [],
      "duration": 0,
      "root": true,
      "rootEmpty": true,
      "_timeout": 2000
    }
  ],
  "meta": {
    "mocha": {
      "version": "7.0.1"
    },
    "mochawesome": {
      "options": {
        "quiet": false,
        "reportFilename": "mochawesome",
        "saveHtml": true,
        "saveJson": true,
        "consoleReporter": "spec",
        "useInlineDiffs": false
      },
      "version": "4.1.0"
    },
    "marge": {
      "options": {},
      "version": "4.1.0"
    }
  }
}