{
  "stats": {
    "suites": 1,
    "tests": 1,
    "passes": 1,
    "pending": 0,
    "failures": 0,
    "start": "2020-06-03T20:38:28.125Z",
    "end": "2020-06-03T20:38:35.601Z",
    "duration": 7476,
    "testsRegistered": 1,
    "passPercent": 100,
    "pendingPercent": 0,
    "other": 0,
    "hasOther": false,
    "skipped": 0,
    "hasSkipped": false
  },
  "results": [
    {
      "uuid": "ebaafa41-66e0-4e76-9e83-b135d26e0efa",
      "title": "",
      "fullFile": "cypress/integration/post_specs.js",
      "file": "cypress/integration/post_specs.js",
      "beforeHooks": [],
      "afterHooks": [],
      "tests": [],
      "suites": [
        {
          "uuid": "4937587b-1616-4004-9359-a941fcf5f835",
          "title": "Validate Posts specs",
          "fullFile": "",
          "file": "",
          "beforeHooks": [],
          "afterHooks": [],
          "tests": [
            {
              "title": "should create a new post",
              "fullTitle": "Validate Posts specs should create a new post",
              "timedOut": null,
              "duration": 7420,
              "state": "passed",
              "speed": "slow",
              "pass": true,
              "fail": false,
              "pending": false,
              "context": null,
              "code": "cy.createNewPost();",
              "err": {},
              "uuid": "df8546c5-7efc-40e6-a2bd-6c238a3322f7",
              "parentUUID": "4937587b-1616-4004-9359-a941fcf5f835",
              "isHook": false,
              "skipped": false
            }
          ],
          "suites": [],
          "passes": [
            "df8546c5-7efc-40e6-a2bd-6c238a3322f7"
          ],
          "failures": [],
          "pending": [],
          "skipped": [],
          "duration": 7420,
          "root": false,
          "rootEmpty": false,
          "_timeout": 2000
        }
      ],
      "passes": [],
      "failures": [],
      "pending": [],
      "skipped": [],
      "duration": 0,
      "root": true,
      "rootEmpty": true,
      "_timeout": 2000
    }
  ],
  "meta": {
    "mocha": {
      "version": "7.0.1"
    },
    "mochawesome": {
      "options": {
        "quiet": false,
        "reportFilename": "mochawesome",
        "saveHtml": true,
        "saveJson": true,
        "consoleReporter": "spec",
        "useInlineDiffs": false
      },
      "version": "4.1.0"
    },
    "marge": {
      "options": {},
      "version": "4.1.0"
    }
  }
}